2017/09/14 16:30:32 [error] [exception.CDbException] exception 'CDbException' with message 'CDbConnection failed to open the DB connection: SQLSTATE[HY000] [1045] Access denied for user 'root'@'localhost' (using password: YES)' in C:\xampp1\htdocs\heladeria\framework\db\CDbConnection.php:399
Stack trace:
#0 C:\xampp1\htdocs\heladeria\framework\db\CDbConnection.php(347): CDbConnection->open()
#1 C:\xampp1\htdocs\heladeria\framework\db\CDbConnection.php(325): CDbConnection->setActive(true)
#2 C:\xampp1\htdocs\heladeria\framework\base\CModule.php(394): CDbConnection->init()
#3 C:\xampp1\htdocs\heladeria\framework\base\CApplication.php(458): CModule->getComponent('db')
#4 C:\xampp1\htdocs\heladeria\framework\db\ar\CActiveRecord.php(637): CApplication->getDb()
#5 C:\xampp1\htdocs\heladeria\framework\db\ar\CActiveRecord.php(670): CActiveRecord->getDbConnection()
#6 C:\xampp1\htdocs\heladeria\framework\db\ar\CActiveRecord.php(1460): CActiveRecord->getCommandBuilder()
#7 C:\xampp1\htdocs\heladeria\sistema\protected\components\UserIdentity.php(20): CActiveRecord->find('LOWER(usuario)=...', Array)
#8 C:\xampp1\htdocs\heladeria\sistema\protected\models\LoginForm.php(52): UserIdentity->authenticate()
#9 C:\xampp1\htdocs\heladeria\framework\validators\CInlineValidator.php(42): LoginForm->authenticate('password', Array)
#10 C:\xampp1\htdocs\heladeria\framework\validators\CValidator.php(201): CInlineValidator->validateAttribute(Object(LoginForm), 'password')
#11 C:\xampp1\htdocs\heladeria\framework\base\CModel.php(159): CValidator->validate(Object(LoginForm), NULL)
#12 C:\xampp1\htdocs\heladeria\sistema\protected\controllers\SiteController.php(108): CModel->validate()
#13 C:\xampp1\htdocs\heladeria\framework\web\actions\CInlineAction.php(49): SiteController->actionLogin()
#14 C:\xampp1\htdocs\heladeria\framework\web\CController.php(308): CInlineAction->runWithParams(Array)
#15 C:\xampp1\htdocs\heladeria\framework\web\CController.php(286): CController->runAction(Object(CInlineAction))
#16 C:\xampp1\htdocs\heladeria\framework\web\CController.php(265): CController->runActionWithFilters(Object(CInlineAction), Array)
#17 C:\xampp1\htdocs\heladeria\framework\web\CWebApplication.php(282): CController->run('login')
#18 C:\xampp1\htdocs\heladeria\framework\web\CWebApplication.php(141): CWebApplication->runController('site/login')
#19 C:\xampp1\htdocs\heladeria\framework\base\CApplication.php(184): CWebApplication->processRequest()
#20 C:\xampp1\htdocs\heladeria\sistema\index.php(13): CApplication->run()
#21 {main}
REQUEST_URI=/heladeria/sistema/index.php?r=site/login
HTTP_REFERER=http://localhost/heladeria/sistema/index.php?r=site/login
---
2017/09/14 16:37:18 [error] [php] Use of undefined constant ERROR - assumed 'ERROR' (C:\xampp1\htdocs\heladeria\sistema\protected\controllers\PedidoController.php:91)
Stack trace:
#0 C:\xampp1\htdocs\heladeria\framework\web\filters\CFilterChain.php(133): PedidoController->runAction()
#1 C:\xampp1\htdocs\heladeria\framework\web\filters\CFilter.php(40): CFilterChain->run()
#2 C:\xampp1\htdocs\heladeria\framework\web\CController.php(1145): CAccessControlFilter->filter()
#3 C:\xampp1\htdocs\heladeria\framework\web\filters\CInlineFilter.php(58): PedidoController->filterAccessControl()
#4 C:\xampp1\htdocs\heladeria\framework\web\filters\CFilterChain.php(130): CInlineFilter->filter()
#5 C:\xampp1\htdocs\heladeria\framework\web\CController.php(291): CFilterChain->run()
#6 C:\xampp1\htdocs\heladeria\framework\web\CController.php(265): PedidoController->runActionWithFilters()
#7 C:\xampp1\htdocs\heladeria\framework\web\CWebApplication.php(282): PedidoController->run()
#8 C:\xampp1\htdocs\heladeria\framework\web\CWebApplication.php(141): CWebApplication->runController()
#9 C:\xampp1\htdocs\heladeria\framework\base\CApplication.php(184): CWebApplication->processRequest()
#10 C:\xampp1\htdocs\heladeria\sistema\index.php(13): CWebApplication->run()
REQUEST_URI=/heladeria/sistema/index.php?r=pedido/create
in C:\xampp1\htdocs\heladeria\sistema\protected\controllers\PedidoController.php (91)
in C:\xampp1\htdocs\heladeria\sistema\index.php (13)
2017/09/14 16:38:19 [error] [php] Use of undefined constant ERROR - assumed 'ERROR' (C:\xampp1\htdocs\heladeria\sistema\protected\controllers\PedidoController.php:91)
Stack trace:
#0 C:\xampp1\htdocs\heladeria\framework\web\filters\CFilterChain.php(133): PedidoController->runAction()
#1 C:\xampp1\htdocs\heladeria\framework\web\filters\CFilter.php(40): CFilterChain->run()
#2 C:\xampp1\htdocs\heladeria\framework\web\CController.php(1145): CAccessControlFilter->filter()
#3 C:\xampp1\htdocs\heladeria\framework\web\filters\CInlineFilter.php(58): PedidoController->filterAccessControl()
#4 C:\xampp1\htdocs\heladeria\framework\web\filters\CFilterChain.php(130): CInlineFilter->filter()
#5 C:\xampp1\htdocs\heladeria\framework\web\CController.php(291): CFilterChain->run()
#6 C:\xampp1\htdocs\heladeria\framework\web\CController.php(265): PedidoController->runActionWithFilters()
#7 C:\xampp1\htdocs\heladeria\framework\web\CWebApplication.php(282): PedidoController->run()
#8 C:\xampp1\htdocs\heladeria\framework\web\CWebApplication.php(141): CWebApplication->runController()
#9 C:\xampp1\htdocs\heladeria\framework\base\CApplication.php(184): CWebApplication->processRequest()
#10 C:\xampp1\htdocs\heladeria\sistema\index.php(13): CWebApplication->run()
REQUEST_URI=/heladeria/sistema/index.php?r=pedido/create
in C:\xampp1\htdocs\heladeria\sistema\protected\controllers\PedidoController.php (91)
in C:\xampp1\htdocs\heladeria\sistema\index.php (13)
2017/09/14 16:38:29 [error] [php] Use of undefined constant ERROR - assumed 'ERROR' (C:\xampp1\htdocs\heladeria\sistema\protected\controllers\PedidoController.php:91)
Stack trace:
#0 C:\xampp1\htdocs\heladeria\framework\web\filters\CFilterChain.php(133): PedidoController->runAction()
#1 C:\xampp1\htdocs\heladeria\framework\web\filters\CFilter.php(40): CFilterChain->run()
#2 C:\xampp1\htdocs\heladeria\framework\web\CController.php(1145): CAccessControlFilter->filter()
#3 C:\xampp1\htdocs\heladeria\framework\web\filters\CInlineFilter.php(58): PedidoController->filterAccessControl()
#4 C:\xampp1\htdocs\heladeria\framework\web\filters\CFilterChain.php(130): CInlineFilter->filter()
#5 C:\xampp1\htdocs\heladeria\framework\web\CController.php(291): CFilterChain->run()
#6 C:\xampp1\htdocs\heladeria\framework\web\CController.php(265): PedidoController->runActionWithFilters()
#7 C:\xampp1\htdocs\heladeria\framework\web\CWebApplication.php(282): PedidoController->run()
#8 C:\xampp1\htdocs\heladeria\framework\web\CWebApplication.php(141): CWebApplication->runController()
#9 C:\xampp1\htdocs\heladeria\framework\base\CApplication.php(184): CWebApplication->processRequest()
#10 C:\xampp1\htdocs\heladeria\sistema\index.php(13): CWebApplication->run()
REQUEST_URI=/heladeria/sistema/index.php?r=pedido/create
in C:\xampp1\htdocs\heladeria\sistema\protected\controllers\PedidoController.php (91)
in C:\xampp1\htdocs\heladeria\sistema\index.php (13)
2017/09/14 16:38:31 [error] [php] Use of undefined constant ERROR - assumed 'ERROR' (C:\xampp1\htdocs\heladeria\sistema\protected\controllers\PedidoController.php:91)
Stack trace:
#0 C:\xampp1\htdocs\heladeria\framework\web\filters\CFilterChain.php(133): PedidoController->runAction()
#1 C:\xampp1\htdocs\heladeria\framework\web\filters\CFilter.php(40): CFilterChain->run()
#2 C:\xampp1\htdocs\heladeria\framework\web\CController.php(1145): CAccessControlFilter->filter()
#3 C:\xampp1\htdocs\heladeria\framework\web\filters\CInlineFilter.php(58): PedidoController->filterAccessControl()
#4 C:\xampp1\htdocs\heladeria\framework\web\filters\CFilterChain.php(130): CInlineFilter->filter()
#5 C:\xampp1\htdocs\heladeria\framework\web\CController.php(291): CFilterChain->run()
#6 C:\xampp1\htdocs\heladeria\framework\web\CController.php(265): PedidoController->runActionWithFilters()
#7 C:\xampp1\htdocs\heladeria\framework\web\CWebApplication.php(282): PedidoController->run()
#8 C:\xampp1\htdocs\heladeria\framework\web\CWebApplication.php(141): CWebApplication->runController()
#9 C:\xampp1\htdocs\heladeria\framework\base\CApplication.php(184): CWebApplication->processRequest()
#10 C:\xampp1\htdocs\heladeria\sistema\index.php(13): CWebApplication->run()
REQUEST_URI=/heladeria/sistema/index.php?r=pedido/create
in C:\xampp1\htdocs\heladeria\sistema\protected\controllers\PedidoController.php (91)
in C:\xampp1\htdocs\heladeria\sistema\index.php (13)
2017/09/14 16:38:53 [error] [php] Use of undefined constant ERROR - assumed 'ERROR' (C:\xampp1\htdocs\heladeria\sistema\protected\controllers\PedidoController.php:91)
Stack trace:
#0 C:\xampp1\htdocs\heladeria\framework\web\filters\CFilterChain.php(133): PedidoController->runAction()
#1 C:\xampp1\htdocs\heladeria\framework\web\filters\CFilter.php(40): CFilterChain->run()
#2 C:\xampp1\htdocs\heladeria\framework\web\CController.php(1145): CAccessControlFilter->filter()
#3 C:\xampp1\htdocs\heladeria\framework\web\filters\CInlineFilter.php(58): PedidoController->filterAccessControl()
#4 C:\xampp1\htdocs\heladeria\framework\web\filters\CFilterChain.php(130): CInlineFilter->filter()
#5 C:\xampp1\htdocs\heladeria\framework\web\CController.php(291): CFilterChain->run()
#6 C:\xampp1\htdocs\heladeria\framework\web\CController.php(265): PedidoController->runActionWithFilters()
#7 C:\xampp1\htdocs\heladeria\framework\web\CWebApplication.php(282): PedidoController->run()
#8 C:\xampp1\htdocs\heladeria\framework\web\CWebApplication.php(141): CWebApplication->runController()
#9 C:\xampp1\htdocs\heladeria\framework\base\CApplication.php(184): CWebApplication->processRequest()
#10 C:\xampp1\htdocs\heladeria\sistema\index.php(13): CWebApplication->run()
REQUEST_URI=/heladeria/sistema/index.php?r=pedido/create
in C:\xampp1\htdocs\heladeria\sistema\protected\controllers\PedidoController.php (91)
in C:\xampp1\htdocs\heladeria\sistema\index.php (13)
2017/09/14 16:39:05 [error] [php] Use of undefined constant ERROR - assumed 'ERROR' (C:\xampp1\htdocs\heladeria\sistema\protected\controllers\PedidoController.php:99)
Stack trace:
#0 C:\xampp1\htdocs\heladeria\framework\web\filters\CFilterChain.php(133): PedidoController->runAction()
#1 C:\xampp1\htdocs\heladeria\framework\web\filters\CFilter.php(40): CFilterChain->run()
#2 C:\xampp1\htdocs\heladeria\framework\web\CController.php(1145): CAccessControlFilter->filter()
#3 C:\xampp1\htdocs\heladeria\framework\web\filters\CInlineFilter.php(58): PedidoController->filterAccessControl()
#4 C:\xampp1\htdocs\heladeria\framework\web\filters\CFilterChain.php(130): CInlineFilter->filter()
#5 C:\xampp1\htdocs\heladeria\framework\web\CController.php(291): CFilterChain->run()
#6 C:\xampp1\htdocs\heladeria\framework\web\CController.php(265): PedidoController->runActionWithFilters()
#7 C:\xampp1\htdocs\heladeria\framework\web\CWebApplication.php(282): PedidoController->run()
#8 C:\xampp1\htdocs\heladeria\framework\web\CWebApplication.php(141): CWebApplication->runController()
#9 C:\xampp1\htdocs\heladeria\framework\base\CApplication.php(184): CWebApplication->processRequest()
#10 C:\xampp1\htdocs\heladeria\sistema\index.php(13): CWebApplication->run()
REQUEST_URI=/heladeria/sistema/index.php?r=pedido/create
in C:\xampp1\htdocs\heladeria\sistema\protected\controllers\PedidoController.php (99)
in C:\xampp1\htdocs\heladeria\sistema\index.php (13)
2017/09/14 16:40:17 [error] [php] Use of undefined constant NORECURRENTE - assumed 'NORECURRENTE' (C:\xampp1\htdocs\heladeria\sistema\protected\controllers\PedidoController.php:115)
Stack trace:
#0 C:\xampp1\htdocs\heladeria\framework\web\filters\CFilterChain.php(133): PedidoController->runAction()
#1 C:\xampp1\htdocs\heladeria\framework\web\filters\CFilter.php(40): CFilterChain->run()
#2 C:\xampp1\htdocs\heladeria\framework\web\CController.php(1145): CAccessControlFilter->filter()
#3 C:\xampp1\htdocs\heladeria\framework\web\filters\CInlineFilter.php(58): PedidoController->filterAccessControl()
#4 C:\xampp1\htdocs\heladeria\framework\web\filters\CFilterChain.php(130): CInlineFilter->filter()
#5 C:\xampp1\htdocs\heladeria\framework\web\CController.php(291): CFilterChain->run()
#6 C:\xampp1\htdocs\heladeria\framework\web\CController.php(265): PedidoController->runActionWithFilters()
#7 C:\xampp1\htdocs\heladeria\framework\web\CWebApplication.php(282): PedidoController->run()
#8 C:\xampp1\htdocs\heladeria\framework\web\CWebApplication.php(141): CWebApplication->runController()
#9 C:\xampp1\htdocs\heladeria\framework\base\CApplication.php(184): CWebApplication->processRequest()
#10 C:\xampp1\htdocs\heladeria\sistema\index.php(13): CWebApplication->run()
REQUEST_URI=/heladeria/sistema/index.php?r=pedido/create
in C:\xampp1\htdocs\heladeria\sistema\protected\controllers\PedidoController.php (115)
in C:\xampp1\htdocs\heladeria\sistema\index.php (13)
2017/09/14 16:41:22 [error] [php] Use of undefined constant ERROR - assumed 'ERROR' (C:\xampp1\htdocs\heladeria\sistema\protected\controllers\PedidoController.php:91)
Stack trace:
#0 C:\xampp1\htdocs\heladeria\framework\web\filters\CFilterChain.php(133): PedidoController->runAction()
#1 C:\xampp1\htdocs\heladeria\framework\web\filters\CFilter.php(40): CFilterChain->run()
#2 C:\xampp1\htdocs\heladeria\framework\web\CController.php(1145): CAccessControlFilter->filter()
#3 C:\xampp1\htdocs\heladeria\framework\web\filters\CInlineFilter.php(58): PedidoController->filterAccessControl()
#4 C:\xampp1\htdocs\heladeria\framework\web\filters\CFilterChain.php(130): CInlineFilter->filter()
#5 C:\xampp1\htdocs\heladeria\framework\web\CController.php(291): CFilterChain->run()
#6 C:\xampp1\htdocs\heladeria\framework\web\CController.php(265): PedidoController->runActionWithFilters()
#7 C:\xampp1\htdocs\heladeria\framework\web\CWebApplication.php(282): PedidoController->run()
#8 C:\xampp1\htdocs\heladeria\framework\web\CWebApplication.php(141): CWebApplication->runController()
#9 C:\xampp1\htdocs\heladeria\framework\base\CApplication.php(184): CWebApplication->processRequest()
#10 C:\xampp1\htdocs\heladeria\sistema\index.php(13): CWebApplication->run()
REQUEST_URI=/heladeria/sistema/index.php?r=pedido/create
in C:\xampp1\htdocs\heladeria\sistema\protected\controllers\PedidoController.php (91)
in C:\xampp1\htdocs\heladeria\sistema\index.php (13)
2017/09/14 17:39:50 [error] [php] Trying to get property of non-object (C:\xampp1\htdocs\heladeria\sistema\protected\views\pedido\_form.php:10)
Stack trace:
#0 C:\xampp1\htdocs\heladeria\framework\web\CController.php(869): PedidoController->renderFile()
#1 C:\xampp1\htdocs\heladeria\sistema\protected\views\pedido\create.php(7): PedidoController->renderPartial()
#2 C:\xampp1\htdocs\heladeria\framework\web\CBaseController.php(126): require()
#3 C:\xampp1\htdocs\heladeria\framework\web\CBaseController.php(95): PedidoController->renderInternal()
#4 C:\xampp1\htdocs\heladeria\framework\web\CController.php(869): PedidoController->renderFile()
#5 C:\xampp1\htdocs\heladeria\framework\web\CController.php(782): PedidoController->renderPartial()
#6 C:\xampp1\htdocs\heladeria\sistema\protected\controllers\PedidoController.php(156): PedidoController->render()
#7 C:\xampp1\htdocs\heladeria\framework\web\actions\CInlineAction.php(49): PedidoController->actionCreate()
#8 C:\xampp1\htdocs\heladeria\framework\web\CController.php(308): CInlineAction->runWithParams()
#9 C:\xampp1\htdocs\heladeria\framework\web\filters\CFilterChain.php(133): PedidoController->runAction()
#10 C:\xampp1\htdocs\heladeria\framework\web\filters\CFilter.php(40): CFilterChain->run()
#11 C:\xampp1\htdocs\heladeria\framework\web\CController.php(1145): CAccessControlFilter->filter()
#12 C:\xampp1\htdocs\heladeria\framework\web\filters\CInlineFilter.php(58): PedidoController->filterAccessControl()
#13 C:\xampp1\htdocs\heladeria\framework\web\filters\CFilterChain.php(130): CInlineFilter->filter()
#14 C:\xampp1\htdocs\heladeria\framework\web\CController.php(291): CFilterChain->run()
#15 C:\xampp1\htdocs\heladeria\framework\web\CController.php(265): PedidoController->runActionWithFilters()
#16 C:\xampp1\htdocs\heladeria\framework\web\CWebApplication.php(282): PedidoController->run()
#17 C:\xampp1\htdocs\heladeria\framework\web\CWebApplication.php(141): CWebApplication->runController()
#18 C:\xampp1\htdocs\heladeria\framework\base\CApplication.php(184): CWebApplication->processRequest()
#19 C:\xampp1\htdocs\heladeria\sistema\index.php(13): CWebApplication->run()
REQUEST_URI=/heladeria/sistema/index.php?r=pedido/create
in C:\xampp1\htdocs\heladeria\sistema\protected\views\pedido\_form.php (10)
in C:\xampp1\htdocs\heladeria\sistema\protected\views\pedido\create.php (7)
in C:\xampp1\htdocs\heladeria\sistema\protected\controllers\PedidoController.php (156)
2017/09/14 19:39:05 [error] [exception.CException] exception 'CException' with message 'Cliente and its behaviors do not have a method or closure named "getDni".' in C:\xampp1\htdocs\heladeria\framework\base\CComponent.php:266
Stack trace:
#0 C:\xampp1\htdocs\heladeria\framework\db\ar\CActiveRecord.php(227): CComponent->__call('getDni', Array)
#1 C:\xampp1\htdocs\heladeria\sistema\protected\views\pedido\_form.php(10): CActiveRecord->__call('getDni', Array)
#2 C:\xampp1\htdocs\heladeria\sistema\protected\views\pedido\_form.php(10): Cliente->getDni()
#3 C:\xampp1\htdocs\heladeria\framework\web\CBaseController.php(126): require('C:\\xampp1\\htdoc...')
#4 C:\xampp1\htdocs\heladeria\framework\web\CBaseController.php(95): CBaseController->renderInternal('C:\\xampp1\\htdoc...', Array, true)
#5 C:\xampp1\htdocs\heladeria\framework\web\CController.php(869): CBaseController->renderFile('C:\\xampp1\\htdoc...', Array, true)
#6 C:\xampp1\htdocs\heladeria\sistema\protected\views\pedido\create.php(7): CController->renderPartial('_form', Array)
#7 C:\xampp1\htdocs\heladeria\framework\web\CBaseController.php(126): require('C:\\xampp1\\htdoc...')
#8 C:\xampp1\htdocs\heladeria\framework\web\CBaseController.php(95): CBaseController->renderInternal('C:\\xampp1\\htdoc...', Array, true)
#9 C:\xampp1\htdocs\heladeria\framework\web\CController.php(869): CBaseController->renderFile('C:\\xampp1\\htdoc...', Array, true)
#10 C:\xampp1\htdocs\heladeria\framework\web\CController.php(782): CController->renderPartial('create', Array, true)
#11 C:\xampp1\htdocs\heladeria\sistema\protected\controllers\PedidoController.php(156): CController->render('create', Array)
#12 C:\xampp1\htdocs\heladeria\framework\web\actions\CInlineAction.php(49): PedidoController->actionCreate()
#13 C:\xampp1\htdocs\heladeria\framework\web\CController.php(308): CInlineAction->runWithParams(Array)
#14 C:\xampp1\htdocs\heladeria\framework\web\filters\CFilterChain.php(133): CController->runAction(Object(CInlineAction))
#15 C:\xampp1\htdocs\heladeria\framework\web\filters\CFilter.php(40): CFilterChain->run()
#16 C:\xampp1\htdocs\heladeria\framework\web\CController.php(1145): CFilter->filter(Object(CFilterChain))
#17 C:\xampp1\htdocs\heladeria\framework\web\filters\CInlineFilter.php(58): CController->filterAccessControl(Object(CFilterChain))
#18 C:\xampp1\htdocs\heladeria\framework\web\filters\CFilterChain.php(130): CInlineFilter->filter(Object(CFilterChain))
#19 C:\xampp1\htdocs\heladeria\framework\web\CController.php(291): CFilterChain->run()
#20 C:\xampp1\htdocs\heladeria\framework\web\CController.php(265): CController->runActionWithFilters(Object(CInlineAction), Array)
#21 C:\xampp1\htdocs\heladeria\framework\web\CWebApplication.php(282): CController->run('create')
#22 C:\xampp1\htdocs\heladeria\framework\web\CWebApplication.php(141): CWebApplication->runController('pedido/create')
#23 C:\xampp1\htdocs\heladeria\framework\base\CApplication.php(184): CWebApplication->processRequest()
#24 C:\xampp1\htdocs\heladeria\sistema\index.php(13): CApplication->run()
#25 {main}
REQUEST_URI=/heladeria/sistema/index.php?r=pedido/create
HTTP_REFERER=http://localhost/heladeria/sistema/index.php?r=pedido/view&id=147
---
2017/09/14 19:39:52 [error] [php] Undefined variable: model (C:\xampp1\htdocs\heladeria\sistema\protected\models\Pedido.php:99)
Stack trace:
#0 C:\xampp1\htdocs\heladeria\framework\web\CBaseController.php(95): PedidoController->renderInternal()
#1 C:\xampp1\htdocs\heladeria\framework\web\CController.php(869): PedidoController->renderFile()
#2 C:\xampp1\htdocs\heladeria\sistema\protected\views\pedido\create.php(7): PedidoController->renderPartial()
#3 C:\xampp1\htdocs\heladeria\framework\web\CBaseController.php(126): require()
#4 C:\xampp1\htdocs\heladeria\framework\web\CBaseController.php(95): PedidoController->renderInternal()
#5 C:\xampp1\htdocs\heladeria\framework\web\CController.php(869): PedidoController->renderFile()
#6 C:\xampp1\htdocs\heladeria\framework\web\CController.php(782): PedidoController->renderPartial()
#7 C:\xampp1\htdocs\heladeria\sistema\protected\controllers\PedidoController.php(156): PedidoController->render()
#8 C:\xampp1\htdocs\heladeria\framework\web\actions\CInlineAction.php(49): PedidoController->actionCreate()
#9 C:\xampp1\htdocs\heladeria\framework\web\CController.php(308): CInlineAction->runWithParams()
#10 C:\xampp1\htdocs\heladeria\framework\web\filters\CFilterChain.php(133): PedidoController->runAction()
#11 C:\xampp1\htdocs\heladeria\framework\web\filters\CFilter.php(40): CFilterChain->run()
#12 C:\xampp1\htdocs\heladeria\framework\web\CController.php(1145): CAccessControlFilter->filter()
#13 C:\xampp1\htdocs\heladeria\framework\web\filters\CInlineFilter.php(58): PedidoController->filterAccessControl()
#14 C:\xampp1\htdocs\heladeria\framework\web\filters\CFilterChain.php(130): CInlineFilter->filter()
#15 C:\xampp1\htdocs\heladeria\framework\web\CController.php(291): CFilterChain->run()
#16 C:\xampp1\htdocs\heladeria\framework\web\CController.php(265): PedidoController->runActionWithFilters()
#17 C:\xampp1\htdocs\heladeria\framework\web\CWebApplication.php(282): PedidoController->run()
#18 C:\xampp1\htdocs\heladeria\framework\web\CWebApplication.php(141): CWebApplication->runController()
#19 C:\xampp1\htdocs\heladeria\framework\base\CApplication.php(184): CWebApplication->processRequest()
#20 C:\xampp1\htdocs\heladeria\sistema\index.php(13): CWebApplication->run()
REQUEST_URI=/heladeria/sistema/index.php?r=pedido/create
in C:\xampp1\htdocs\heladeria\sistema\protected\models\Pedido.php (99)
in C:\xampp1\htdocs\heladeria\sistema\protected\views\pedido\_form.php (39)
in C:\xampp1\htdocs\heladeria\sistema\protected\views\pedido\create.php (7)
2017/09/14 19:40:54 [error] [php] Non-static method Pedido::getDni() should not be called statically, assuming $this from incompatible context (C:\xampp1\htdocs\heladeria\sistema\protected\views\pedido\_form.php:39)
Stack trace:
#0 C:\xampp1\htdocs\heladeria\framework\web\CController.php(869): PedidoController->renderFile()
#1 C:\xampp1\htdocs\heladeria\sistema\protected\views\pedido\create.php(7): PedidoController->renderPartial()
#2 C:\xampp1\htdocs\heladeria\framework\web\CBaseController.php(126): require()
#3 C:\xampp1\htdocs\heladeria\framework\web\CBaseController.php(95): PedidoController->renderInternal()
#4 C:\xampp1\htdocs\heladeria\framework\web\CController.php(869): PedidoController->renderFile()
#5 C:\xampp1\htdocs\heladeria\framework\web\CController.php(782): PedidoController->renderPartial()
#6 C:\xampp1\htdocs\heladeria\sistema\protected\controllers\PedidoController.php(156): PedidoController->render()
#7 C:\xampp1\htdocs\heladeria\framework\web\actions\CInlineAction.php(49): PedidoController->actionCreate()
#8 C:\xampp1\htdocs\heladeria\framework\web\CController.php(308): CInlineAction->runWithParams()
#9 C:\xampp1\htdocs\heladeria\framework\web\filters\CFilterChain.php(133): PedidoController->runAction()
#10 C:\xampp1\htdocs\heladeria\framework\web\filters\CFilter.php(40): CFilterChain->run()
#11 C:\xampp1\htdocs\heladeria\framework\web\CController.php(1145): CAccessControlFilter->filter()
#12 C:\xampp1\htdocs\heladeria\framework\web\filters\CInlineFilter.php(58): PedidoController->filterAccessControl()
#13 C:\xampp1\htdocs\heladeria\framework\web\filters\CFilterChain.php(130): CInlineFilter->filter()
#14 C:\xampp1\htdocs\heladeria\framework\web\CController.php(291): CFilterChain->run()
#15 C:\xampp1\htdocs\heladeria\framework\web\CController.php(265): PedidoController->runActionWithFilters()
#16 C:\xampp1\htdocs\heladeria\framework\web\CWebApplication.php(282): PedidoController->run()
#17 C:\xampp1\htdocs\heladeria\framework\web\CWebApplication.php(141): CWebApplication->runController()
#18 C:\xampp1\htdocs\heladeria\framework\base\CApplication.php(184): CWebApplication->processRequest()
#19 C:\xampp1\htdocs\heladeria\sistema\index.php(13): CWebApplication->run()
REQUEST_URI=/heladeria/sistema/index.php?r=pedido/create
in C:\xampp1\htdocs\heladeria\sistema\protected\views\pedido\_form.php (39)
in C:\xampp1\htdocs\heladeria\sistema\protected\views\pedido\create.php (7)
in C:\xampp1\htdocs\heladeria\sistema\protected\controllers\PedidoController.php (156)
2017/09/14 19:40:59 [error] [php] Undefined variable: model (C:\xampp1\htdocs\heladeria\sistema\protected\models\Pedido.php:99)
Stack trace:
#0 C:\xampp1\htdocs\heladeria\framework\web\CBaseController.php(95): PedidoController->renderInternal()
#1 C:\xampp1\htdocs\heladeria\framework\web\CController.php(869): PedidoController->renderFile()
#2 C:\xampp1\htdocs\heladeria\sistema\protected\views\pedido\create.php(7): PedidoController->renderPartial()
#3 C:\xampp1\htdocs\heladeria\framework\web\CBaseController.php(126): require()
#4 C:\xampp1\htdocs\heladeria\framework\web\CBaseController.php(95): PedidoController->renderInternal()
#5 C:\xampp1\htdocs\heladeria\framework\web\CController.php(869): PedidoController->renderFile()
#6 C:\xampp1\htdocs\heladeria\framework\web\CController.php(782): PedidoController->renderPartial()
#7 C:\xampp1\htdocs\heladeria\sistema\protected\controllers\PedidoController.php(156): PedidoController->render()
#8 C:\xampp1\htdocs\heladeria\framework\web\actions\CInlineAction.php(49): PedidoController->actionCreate()
#9 C:\xampp1\htdocs\heladeria\framework\web\CController.php(308): CInlineAction->runWithParams()
#10 C:\xampp1\htdocs\heladeria\framework\web\filters\CFilterChain.php(133): PedidoController->runAction()
#11 C:\xampp1\htdocs\heladeria\framework\web\filters\CFilter.php(40): CFilterChain->run()
#12 C:\xampp1\htdocs\heladeria\framework\web\CController.php(1145): CAccessControlFilter->filter()
#13 C:\xampp1\htdocs\heladeria\framework\web\filters\CInlineFilter.php(58): PedidoController->filterAccessControl()
#14 C:\xampp1\htdocs\heladeria\framework\web\filters\CFilterChain.php(130): CInlineFilter->filter()
#15 C:\xampp1\htdocs\heladeria\framework\web\CController.php(291): CFilterChain->run()
#16 C:\xampp1\htdocs\heladeria\framework\web\CController.php(265): PedidoController->runActionWithFilters()
#17 C:\xampp1\htdocs\heladeria\framework\web\CWebApplication.php(282): PedidoController->run()
#18 C:\xampp1\htdocs\heladeria\framework\web\CWebApplication.php(141): CWebApplication->runController()
#19 C:\xampp1\htdocs\heladeria\framework\base\CApplication.php(184): CWebApplication->processRequest()
#20 C:\xampp1\htdocs\heladeria\sistema\index.php(13): CWebApplication->run()
REQUEST_URI=/heladeria/sistema/index.php?r=pedido/create
in C:\xampp1\htdocs\heladeria\sistema\protected\models\Pedido.php (99)
in C:\xampp1\htdocs\heladeria\sistema\protected\views\pedido\_form.php (39)
in C:\xampp1\htdocs\heladeria\sistema\protected\views\pedido\create.php (7)
2017/09/14 19:42:15 [error] [php] Trying to get property of non-object (C:\xampp1\htdocs\heladeria\sistema\protected\models\Pedido.php:99)
Stack trace:
#0 C:\xampp1\htdocs\heladeria\framework\web\CBaseController.php(95): PedidoController->renderInternal()
#1 C:\xampp1\htdocs\heladeria\framework\web\CController.php(869): PedidoController->renderFile()
#2 C:\xampp1\htdocs\heladeria\sistema\protected\views\pedido\create.php(7): PedidoController->renderPartial()
#3 C:\xampp1\htdocs\heladeria\framework\web\CBaseController.php(126): require()
#4 C:\xampp1\htdocs\heladeria\framework\web\CBaseController.php(95): PedidoController->renderInternal()
#5 C:\xampp1\htdocs\heladeria\framework\web\CController.php(869): PedidoController->renderFile()
#6 C:\xampp1\htdocs\heladeria\framework\web\CController.php(782): PedidoController->renderPartial()
#7 C:\xampp1\htdocs\heladeria\sistema\protected\controllers\PedidoController.php(156): PedidoController->render()
#8 C:\xampp1\htdocs\heladeria\framework\web\actions\CInlineAction.php(49): PedidoController->actionCreate()
#9 C:\xampp1\htdocs\heladeria\framework\web\CController.php(308): CInlineAction->runWithParams()
#10 C:\xampp1\htdocs\heladeria\framework\web\filters\CFilterChain.php(133): PedidoController->runAction()
#11 C:\xampp1\htdocs\heladeria\framework\web\filters\CFilter.php(40): CFilterChain->run()
#12 C:\xampp1\htdocs\heladeria\framework\web\CController.php(1145): CAccessControlFilter->filter()
#13 C:\xampp1\htdocs\heladeria\framework\web\filters\CInlineFilter.php(58): PedidoController->filterAccessControl()
#14 C:\xampp1\htdocs\heladeria\framework\web\filters\CFilterChain.php(130): CInlineFilter->filter()
#15 C:\xampp1\htdocs\heladeria\framework\web\CController.php(291): CFilterChain->run()
#16 C:\xampp1\htdocs\heladeria\framework\web\CController.php(265): PedidoController->runActionWithFilters()
#17 C:\xampp1\htdocs\heladeria\framework\web\CWebApplication.php(282): PedidoController->run()
#18 C:\xampp1\htdocs\heladeria\framework\web\CWebApplication.php(141): CWebApplication->runController()
#19 C:\xampp1\htdocs\heladeria\framework\base\CApplication.php(184): CWebApplication->processRequest()
#20 C:\xampp1\htdocs\heladeria\sistema\index.php(13): CWebApplication->run()
REQUEST_URI=/heladeria/sistema/index.php?r=pedido/create
in C:\xampp1\htdocs\heladeria\sistema\protected\models\Pedido.php (99)
in C:\xampp1\htdocs\heladeria\sistema\protected\views\pedido\_form.php (39)
in C:\xampp1\htdocs\heladeria\sistema\protected\views\pedido\create.php (7)
2017/09/14 19:42:58 [error] [php] Trying to get property of non-object (C:\xampp1\htdocs\heladeria\sistema\protected\models\Pedido.php:99)
Stack trace:
#0 C:\xampp1\htdocs\heladeria\framework\web\CBaseController.php(95): PedidoController->renderInternal()
#1 C:\xampp1\htdocs\heladeria\framework\web\CController.php(869): PedidoController->renderFile()
#2 C:\xampp1\htdocs\heladeria\sistema\protected\views\pedido\create.php(7): PedidoController->renderPartial()
#3 C:\xampp1\htdocs\heladeria\framework\web\CBaseController.php(126): require()
#4 C:\xampp1\htdocs\heladeria\framework\web\CBaseController.php(95): PedidoController->renderInternal()
#5 C:\xampp1\htdocs\heladeria\framework\web\CController.php(869): PedidoController->renderFile()
#6 C:\xampp1\htdocs\heladeria\framework\web\CController.php(782): PedidoController->renderPartial()
#7 C:\xampp1\htdocs\heladeria\sistema\protected\controllers\PedidoController.php(156): PedidoController->render()
#8 C:\xampp1\htdocs\heladeria\framework\web\actions\CInlineAction.php(49): PedidoController->actionCreate()
#9 C:\xampp1\htdocs\heladeria\framework\web\CController.php(308): CInlineAction->runWithParams()
#10 C:\xampp1\htdocs\heladeria\framework\web\filters\CFilterChain.php(133): PedidoController->runAction()
#11 C:\xampp1\htdocs\heladeria\framework\web\filters\CFilter.php(40): CFilterChain->run()
#12 C:\xampp1\htdocs\heladeria\framework\web\CController.php(1145): CAccessControlFilter->filter()
#13 C:\xampp1\htdocs\heladeria\framework\web\filters\CInlineFilter.php(58): PedidoController->filterAccessControl()
#14 C:\xampp1\htdocs\heladeria\framework\web\filters\CFilterChain.php(130): CInlineFilter->filter()
#15 C:\xampp1\htdocs\heladeria\framework\web\CController.php(291): CFilterChain->run()
#16 C:\xampp1\htdocs\heladeria\framework\web\CController.php(265): PedidoController->runActionWithFilters()
#17 C:\xampp1\htdocs\heladeria\framework\web\CWebApplication.php(282): PedidoController->run()
#18 C:\xampp1\htdocs\heladeria\framework\web\CWebApplication.php(141): CWebApplication->runController()
#19 C:\xampp1\htdocs\heladeria\framework\base\CApplication.php(184): CWebApplication->processRequest()
#20 C:\xampp1\htdocs\heladeria\sistema\index.php(13): CWebApplication->run()
REQUEST_URI=/heladeria/sistema/index.php?r=pedido/create
in C:\xampp1\htdocs\heladeria\sistema\protected\models\Pedido.php (99)
in C:\xampp1\htdocs\heladeria\sistema\protected\views\pedido\_form.php (39)
in C:\xampp1\htdocs\heladeria\sistema\protected\views\pedido\create.php (7)
2017/09/14 19:43:01 [error] [php] Trying to get property of non-object (C:\xampp1\htdocs\heladeria\sistema\protected\models\Pedido.php:99)
Stack trace:
#0 C:\xampp1\htdocs\heladeria\framework\web\CBaseController.php(95): PedidoController->renderInternal()
#1 C:\xampp1\htdocs\heladeria\framework\web\CController.php(869): PedidoController->renderFile()
#2 C:\xampp1\htdocs\heladeria\sistema\protected\views\pedido\create.php(7): PedidoController->renderPartial()
#3 C:\xampp1\htdocs\heladeria\framework\web\CBaseController.php(126): require()
#4 C:\xampp1\htdocs\heladeria\framework\web\CBaseController.php(95): PedidoController->renderInternal()
#5 C:\xampp1\htdocs\heladeria\framework\web\CController.php(869): PedidoController->renderFile()
#6 C:\xampp1\htdocs\heladeria\framework\web\CController.php(782): PedidoController->renderPartial()
#7 C:\xampp1\htdocs\heladeria\sistema\protected\controllers\PedidoController.php(156): PedidoController->render()
#8 C:\xampp1\htdocs\heladeria\framework\web\actions\CInlineAction.php(49): PedidoController->actionCreate()
#9 C:\xampp1\htdocs\heladeria\framework\web\CController.php(308): CInlineAction->runWithParams()
#10 C:\xampp1\htdocs\heladeria\framework\web\filters\CFilterChain.php(133): PedidoController->runAction()
#11 C:\xampp1\htdocs\heladeria\framework\web\filters\CFilter.php(40): CFilterChain->run()
#12 C:\xampp1\htdocs\heladeria\framework\web\CController.php(1145): CAccessControlFilter->filter()
#13 C:\xampp1\htdocs\heladeria\framework\web\filters\CInlineFilter.php(58): PedidoController->filterAccessControl()
#14 C:\xampp1\htdocs\heladeria\framework\web\filters\CFilterChain.php(130): CInlineFilter->filter()
#15 C:\xampp1\htdocs\heladeria\framework\web\CController.php(291): CFilterChain->run()
#16 C:\xampp1\htdocs\heladeria\framework\web\CController.php(265): PedidoController->runActionWithFilters()
#17 C:\xampp1\htdocs\heladeria\framework\web\CWebApplication.php(282): PedidoController->run()
#18 C:\xampp1\htdocs\heladeria\framework\web\CWebApplication.php(141): CWebApplication->runController()
#19 C:\xampp1\htdocs\heladeria\framework\base\CApplication.php(184): CWebApplication->processRequest()
#20 C:\xampp1\htdocs\heladeria\sistema\index.php(13): CWebApplication->run()
REQUEST_URI=/heladeria/sistema/index.php?r=pedido/create
in C:\xampp1\htdocs\heladeria\sistema\protected\models\Pedido.php (99)
in C:\xampp1\htdocs\heladeria\sistema\protected\views\pedido\_form.php (39)
in C:\xampp1\htdocs\heladeria\sistema\protected\views\pedido\create.php (7)
2017/09/14 19:43:26 [error] [php] Missing argument 1 for Pedido::getDni(), called in C:\xampp1\htdocs\heladeria\sistema\protected\views\pedido\_form.php on line 39 and defined (C:\xampp1\htdocs\heladeria\sistema\protected\models\Pedido.php:97)
Stack trace:
#0 C:\xampp1\htdocs\heladeria\framework\web\CBaseController.php(95): PedidoController->renderInternal()
#1 C:\xampp1\htdocs\heladeria\framework\web\CController.php(869): PedidoController->renderFile()
#2 C:\xampp1\htdocs\heladeria\sistema\protected\views\pedido\create.php(7): PedidoController->renderPartial()
#3 C:\xampp1\htdocs\heladeria\framework\web\CBaseController.php(126): require()
#4 C:\xampp1\htdocs\heladeria\framework\web\CBaseController.php(95): PedidoController->renderInternal()
#5 C:\xampp1\htdocs\heladeria\framework\web\CController.php(869): PedidoController->renderFile()
#6 C:\xampp1\htdocs\heladeria\framework\web\CController.php(782): PedidoController->renderPartial()
#7 C:\xampp1\htdocs\heladeria\sistema\protected\controllers\PedidoController.php(156): PedidoController->render()
#8 C:\xampp1\htdocs\heladeria\framework\web\actions\CInlineAction.php(49): PedidoController->actionCreate()
#9 C:\xampp1\htdocs\heladeria\framework\web\CController.php(308): CInlineAction->runWithParams()
#10 C:\xampp1\htdocs\heladeria\framework\web\filters\CFilterChain.php(133): PedidoController->runAction()
#11 C:\xampp1\htdocs\heladeria\framework\web\filters\CFilter.php(40): CFilterChain->run()
#12 C:\xampp1\htdocs\heladeria\framework\web\CController.php(1145): CAccessControlFilter->filter()
#13 C:\xampp1\htdocs\heladeria\framework\web\filters\CInlineFilter.php(58): PedidoController->filterAccessControl()
#14 C:\xampp1\htdocs\heladeria\framework\web\filters\CFilterChain.php(130): CInlineFilter->filter()
#15 C:\xampp1\htdocs\heladeria\framework\web\CController.php(291): CFilterChain->run()
#16 C:\xampp1\htdocs\heladeria\framework\web\CController.php(265): PedidoController->runActionWithFilters()
#17 C:\xampp1\htdocs\heladeria\framework\web\CWebApplication.php(282): PedidoController->run()
#18 C:\xampp1\htdocs\heladeria\framework\web\CWebApplication.php(141): CWebApplication->runController()
#19 C:\xampp1\htdocs\heladeria\framework\base\CApplication.php(184): CWebApplication->processRequest()
#20 C:\xampp1\htdocs\heladeria\sistema\index.php(13): CWebApplication->run()
REQUEST_URI=/heladeria/sistema/index.php?r=pedido/create
in C:\xampp1\htdocs\heladeria\sistema\protected\models\Pedido.php (97)
in C:\xampp1\htdocs\heladeria\sistema\protected\views\pedido\_form.php (39)
in C:\xampp1\htdocs\heladeria\sistema\protected\views\pedido\create.php (7)
2017/09/14 19:43:48 [error] [php] Trying to get property of non-object (C:\xampp1\htdocs\heladeria\sistema\protected\models\Pedido.php:99)
Stack trace:
#0 C:\xampp1\htdocs\heladeria\framework\web\CBaseController.php(95): PedidoController->renderInternal()
#1 C:\xampp1\htdocs\heladeria\framework\web\CController.php(869): PedidoController->renderFile()
#2 C:\xampp1\htdocs\heladeria\sistema\protected\views\pedido\create.php(7): PedidoController->renderPartial()
#3 C:\xampp1\htdocs\heladeria\framework\web\CBaseController.php(126): require()
#4 C:\xampp1\htdocs\heladeria\framework\web\CBaseController.php(95): PedidoController->renderInternal()
#5 C:\xampp1\htdocs\heladeria\framework\web\CController.php(869): PedidoController->renderFile()
#6 C:\xampp1\htdocs\heladeria\framework\web\CController.php(782): PedidoController->renderPartial()
#7 C:\xampp1\htdocs\heladeria\sistema\protected\controllers\PedidoController.php(156): PedidoController->render()
#8 C:\xampp1\htdocs\heladeria\framework\web\actions\CInlineAction.php(49): PedidoController->actionCreate()
#9 C:\xampp1\htdocs\heladeria\framework\web\CController.php(308): CInlineAction->runWithParams()
#10 C:\xampp1\htdocs\heladeria\framework\web\filters\CFilterChain.php(133): PedidoController->runAction()
#11 C:\xampp1\htdocs\heladeria\framework\web\filters\CFilter.php(40): CFilterChain->run()
#12 C:\xampp1\htdocs\heladeria\framework\web\CController.php(1145): CAccessControlFilter->filter()
#13 C:\xampp1\htdocs\heladeria\framework\web\filters\CInlineFilter.php(58): PedidoController->filterAccessControl()
#14 C:\xampp1\htdocs\heladeria\framework\web\filters\CFilterChain.php(130): CInlineFilter->filter()
#15 C:\xampp1\htdocs\heladeria\framework\web\CController.php(291): CFilterChain->run()
#16 C:\xampp1\htdocs\heladeria\framework\web\CController.php(265): PedidoController->runActionWithFilters()
#17 C:\xampp1\htdocs\heladeria\framework\web\CWebApplication.php(282): PedidoController->run()
#18 C:\xampp1\htdocs\heladeria\framework\web\CWebApplication.php(141): CWebApplication->runController()
#19 C:\xampp1\htdocs\heladeria\framework\base\CApplication.php(184): CWebApplication->processRequest()
#20 C:\xampp1\htdocs\heladeria\sistema\index.php(13): CWebApplication->run()
REQUEST_URI=/heladeria/sistema/index.php?r=pedido/create
in C:\xampp1\htdocs\heladeria\sistema\protected\models\Pedido.php (99)
in C:\xampp1\htdocs\heladeria\sistema\protected\views\pedido\_form.php (39)
in C:\xampp1\htdocs\heladeria\sistema\protected\views\pedido\create.php (7)
2017/09/14 20:01:13 [error] [php] mysqli_real_escape_string() expects exactly 2 parameters, 1 given (C:\xampp1\htdocs\heladeria\sistema\protected\controllers\PedidoController.php:382)
Stack trace:
#0 C:\xampp1\htdocs\heladeria\framework\web\actions\CAction.php(109): ReflectionMethod->invokeArgs()
#1 C:\xampp1\htdocs\heladeria\framework\web\actions\CInlineAction.php(47): CInlineAction->runWithParamsInternal()
#2 C:\xampp1\htdocs\heladeria\framework\web\CController.php(308): CInlineAction->runWithParams()
#3 C:\xampp1\htdocs\heladeria\framework\web\filters\CFilterChain.php(133): PedidoController->runAction()
#4 C:\xampp1\htdocs\heladeria\framework\web\filters\CFilter.php(40): CFilterChain->run()
#5 C:\xampp1\htdocs\heladeria\framework\web\CController.php(1145): CAccessControlFilter->filter()
#6 C:\xampp1\htdocs\heladeria\framework\web\filters\CInlineFilter.php(58): PedidoController->filterAccessControl()
#7 C:\xampp1\htdocs\heladeria\framework\web\filters\CFilterChain.php(130): CInlineFilter->filter()
#8 C:\xampp1\htdocs\heladeria\framework\web\CController.php(291): CFilterChain->run()
#9 C:\xampp1\htdocs\heladeria\framework\web\CController.php(265): PedidoController->runActionWithFilters()
#10 C:\xampp1\htdocs\heladeria\framework\web\CWebApplication.php(282): PedidoController->run()
#11 C:\xampp1\htdocs\heladeria\framework\web\CWebApplication.php(141): CWebApplication->runController()
#12 C:\xampp1\htdocs\heladeria\framework\base\CApplication.php(184): CWebApplication->processRequest()
#13 C:\xampp1\htdocs\heladeria\sistema\index.php(13): CWebApplication->run()
REQUEST_URI=/heladeria/sistema/index.php?r=pedido/update&id=176
in C:\xampp1\htdocs\heladeria\sistema\protected\controllers\PedidoController.php (382)
in C:\xampp1\htdocs\heladeria\sistema\index.php (13)
2017/09/14 20:01:26 [error] [php] Undefined index: sabores (C:\xampp1\htdocs\heladeria\sistema\protected\controllers\PedidoController.php:375)
Stack trace:
#0 C:\xampp1\htdocs\heladeria\framework\web\actions\CInlineAction.php(47): CInlineAction->runWithParamsInternal()
#1 C:\xampp1\htdocs\heladeria\framework\web\CController.php(308): CInlineAction->runWithParams()
#2 C:\xampp1\htdocs\heladeria\framework\web\filters\CFilterChain.php(133): PedidoController->runAction()
#3 C:\xampp1\htdocs\heladeria\framework\web\filters\CFilter.php(40): CFilterChain->run()
#4 C:\xampp1\htdocs\heladeria\framework\web\CController.php(1145): CAccessControlFilter->filter()
#5 C:\xampp1\htdocs\heladeria\framework\web\filters\CInlineFilter.php(58): PedidoController->filterAccessControl()
#6 C:\xampp1\htdocs\heladeria\framework\web\filters\CFilterChain.php(130): CInlineFilter->filter()
#7 C:\xampp1\htdocs\heladeria\framework\web\CController.php(291): CFilterChain->run()
#8 C:\xampp1\htdocs\heladeria\framework\web\CController.php(265): PedidoController->runActionWithFilters()
#9 C:\xampp1\htdocs\heladeria\framework\web\CWebApplication.php(282): PedidoController->run()
#10 C:\xampp1\htdocs\heladeria\framework\web\CWebApplication.php(141): CWebApplication->runController()
#11 C:\xampp1\htdocs\heladeria\framework\base\CApplication.php(184): CWebApplication->processRequest()
#12 C:\xampp1\htdocs\heladeria\sistema\index.php(13): CWebApplication->run()
REQUEST_URI=/heladeria/sistema/index.php?r=pedido/update&id=176
in C:\xampp1\htdocs\heladeria\sistema\protected\controllers\PedidoController.php (375)
in C:\xampp1\htdocs\heladeria\sistema\index.php (13)
2017/09/14 20:01:27 [warning] [application] Failed to set unsafe attribute "producto" of "Pedido".
in C:\xampp1\htdocs\heladeria\sistema\protected\controllers\PedidoController.php (269)
in C:\xampp1\htdocs\heladeria\sistema\index.php (13)
2017/09/14 20:01:27 [warning] [application] Failed to set unsafe attribute "delivery" of "Pedido".
in C:\xampp1\htdocs\heladeria\sistema\protected\controllers\PedidoController.php (269)
in C:\xampp1\htdocs\heladeria\sistema\index.php (13)
2017/09/14 20:03:14 [error] [php] mysqli_real_escape_string() expects exactly 2 parameters, 1 given (C:\xampp1\htdocs\heladeria\sistema\protected\controllers\PedidoController.php:382)
Stack trace:
#0 C:\xampp1\htdocs\heladeria\framework\web\actions\CAction.php(109): ReflectionMethod->invokeArgs()
#1 C:\xampp1\htdocs\heladeria\framework\web\actions\CInlineAction.php(47): CInlineAction->runWithParamsInternal()
#2 C:\xampp1\htdocs\heladeria\framework\web\CController.php(308): CInlineAction->runWithParams()
#3 C:\xampp1\htdocs\heladeria\framework\web\filters\CFilterChain.php(133): PedidoController->runAction()
#4 C:\xampp1\htdocs\heladeria\framework\web\filters\CFilter.php(40): CFilterChain->run()
#5 C:\xampp1\htdocs\heladeria\framework\web\CController.php(1145): CAccessControlFilter->filter()
#6 C:\xampp1\htdocs\heladeria\framework\web\filters\CInlineFilter.php(58): PedidoController->filterAccessControl()
#7 C:\xampp1\htdocs\heladeria\framework\web\filters\CFilterChain.php(130): CInlineFilter->filter()
#8 C:\xampp1\htdocs\heladeria\framework\web\CController.php(291): CFilterChain->run()
#9 C:\xampp1\htdocs\heladeria\framework\web\CController.php(265): PedidoController->runActionWithFilters()
#10 C:\xampp1\htdocs\heladeria\framework\web\CWebApplication.php(282): PedidoController->run()
#11 C:\xampp1\htdocs\heladeria\framework\web\CWebApplication.php(141): CWebApplication->runController()
#12 C:\xampp1\htdocs\heladeria\framework\base\CApplication.php(184): CWebApplication->processRequest()
#13 C:\xampp1\htdocs\heladeria\sistema\index.php(13): CWebApplication->run()
REQUEST_URI=/heladeria/sistema/index.php?r=pedido/update&id=176
in C:\xampp1\htdocs\heladeria\sistema\protected\controllers\PedidoController.php (382)
in C:\xampp1\htdocs\heladeria\sistema\index.php (13)
2017/09/14 20:15:02 [error] [php] mysql_real_escape_string(): The mysql extension is deprecated and will be removed in the future: use mysqli or PDO instead (C:\xampp1\htdocs\heladeria\sistema\protected\controllers\PedidoController.php:383)
Stack trace:
#0 C:\xampp1\htdocs\heladeria\framework\web\actions\CAction.php(109): ReflectionMethod->invokeArgs()
#1 C:\xampp1\htdocs\heladeria\framework\web\actions\CInlineAction.php(47): CInlineAction->runWithParamsInternal()
#2 C:\xampp1\htdocs\heladeria\framework\web\CController.php(308): CInlineAction->runWithParams()
#3 C:\xampp1\htdocs\heladeria\framework\web\filters\CFilterChain.php(133): PedidoController->runAction()
#4 C:\xampp1\htdocs\heladeria\framework\web\filters\CFilter.php(40): CFilterChain->run()
#5 C:\xampp1\htdocs\heladeria\framework\web\CController.php(1145): CAccessControlFilter->filter()
#6 C:\xampp1\htdocs\heladeria\framework\web\filters\CInlineFilter.php(58): PedidoController->filterAccessControl()
#7 C:\xampp1\htdocs\heladeria\framework\web\filters\CFilterChain.php(130): CInlineFilter->filter()
#8 C:\xampp1\htdocs\heladeria\framework\web\CController.php(291): CFilterChain->run()
#9 C:\xampp1\htdocs\heladeria\framework\web\CController.php(265): PedidoController->runActionWithFilters()
#10 C:\xampp1\htdocs\heladeria\framework\web\CWebApplication.php(282): PedidoController->run()
#11 C:\xampp1\htdocs\heladeria\framework\web\CWebApplication.php(141): CWebApplication->runController()
#12 C:\xampp1\htdocs\heladeria\framework\base\CApplication.php(184): CWebApplication->processRequest()
#13 C:\xampp1\htdocs\heladeria\sistema\index.php(13): CWebApplication->run()
REQUEST_URI=/heladeria/sistema/index.php?r=pedido/update&id=176
in C:\xampp1\htdocs\heladeria\sistema\protected\controllers\PedidoController.php (383)
in C:\xampp1\htdocs\heladeria\sistema\index.php (13)
2017/09/14 20:16:30 [error] [php] mysql_real_escape_string(): The mysql extension is deprecated and will be removed in the future: use mysqli or PDO instead (C:\xampp1\htdocs\heladeria\sistema\protected\controllers\PedidoController.php:383)
Stack trace:
#0 C:\xampp1\htdocs\heladeria\framework\web\actions\CAction.php(109): ReflectionMethod->invokeArgs()
#1 C:\xampp1\htdocs\heladeria\framework\web\actions\CInlineAction.php(47): CInlineAction->runWithParamsInternal()
#2 C:\xampp1\htdocs\heladeria\framework\web\CController.php(308): CInlineAction->runWithParams()
#3 C:\xampp1\htdocs\heladeria\framework\web\filters\CFilterChain.php(133): PedidoController->runAction()
#4 C:\xampp1\htdocs\heladeria\framework\web\filters\CFilter.php(40): CFilterChain->run()
#5 C:\xampp1\htdocs\heladeria\framework\web\CController.php(1145): CAccessControlFilter->filter()
#6 C:\xampp1\htdocs\heladeria\framework\web\filters\CInlineFilter.php(58): PedidoController->filterAccessControl()
#7 C:\xampp1\htdocs\heladeria\framework\web\filters\CFilterChain.php(130): CInlineFilter->filter()
#8 C:\xampp1\htdocs\heladeria\framework\web\CController.php(291): CFilterChain->run()
#9 C:\xampp1\htdocs\heladeria\framework\web\CController.php(265): PedidoController->runActionWithFilters()
#10 C:\xampp1\htdocs\heladeria\framework\web\CWebApplication.php(282): PedidoController->run()
#11 C:\xampp1\htdocs\heladeria\framework\web\CWebApplication.php(141): CWebApplication->runController()
#12 C:\xampp1\htdocs\heladeria\framework\base\CApplication.php(184): CWebApplication->processRequest()
#13 C:\xampp1\htdocs\heladeria\sistema\index.php(13): CWebApplication->run()
REQUEST_URI=/heladeria/sistema/index.php?r=pedido/update&id=176
in C:\xampp1\htdocs\heladeria\sistema\protected\controllers\PedidoController.php (383)
in C:\xampp1\htdocs\heladeria\sistema\index.php (13)
2017/09/14 20:29:09 [warning] [application] Failed to set unsafe attribute "producto" of "Pedido".
in C:\xampp1\htdocs\heladeria\sistema\protected\controllers\PedidoController.php (395)
in C:\xampp1\htdocs\heladeria\sistema\index.php (13)
2017/09/14 20:29:09 [warning] [application] Failed to set unsafe attribute "delivery" of "Pedido".
in C:\xampp1\htdocs\heladeria\sistema\protected\controllers\PedidoController.php (395)
in C:\xampp1\htdocs\heladeria\sistema\index.php (13)
2017/09/14 20:29:15 [warning] [application] Failed to set unsafe attribute "producto" of "Pedido".
in C:\xampp1\htdocs\heladeria\sistema\protected\controllers\PedidoController.php (270)
in C:\xampp1\htdocs\heladeria\sistema\index.php (13)
2017/09/14 20:29:15 [warning] [application] Failed to set unsafe attribute "delivery" of "Pedido".
in C:\xampp1\htdocs\heladeria\sistema\protected\controllers\PedidoController.php (270)
in C:\xampp1\htdocs\heladeria\sistema\index.php (13)
2017/09/14 20:29:48 [warning] [application] Failed to set unsafe attribute "producto" of "Pedido".
in C:\xampp1\htdocs\heladeria\sistema\protected\controllers\PedidoController.php (270)
in C:\xampp1\htdocs\heladeria\sistema\index.php (13)
2017/09/14 20:29:48 [warning] [application] Failed to set unsafe attribute "delivery" of "Pedido".
in C:\xampp1\htdocs\heladeria\sistema\protected\controllers\PedidoController.php (270)
in C:\xampp1\htdocs\heladeria\sistema\index.php (13)
2017/09/14 20:29:49 [error] [php] Trying to get property of non-object (C:\xampp1\htdocs\heladeria\sistema\protected\views\pedido\view.php:45)
Stack trace:
#0 C:\xampp1\htdocs\heladeria\framework\web\CController.php(869): PedidoController->renderFile()
#1 C:\xampp1\htdocs\heladeria\framework\web\CController.php(782): PedidoController->renderPartial()
#2 C:\xampp1\htdocs\heladeria\sistema\protected\controllers\PedidoController.php(61): PedidoController->render()
#3 unknown(0): PedidoController->actionView()
#4 C:\xampp1\htdocs\heladeria\framework\web\actions\CAction.php(109): ReflectionMethod->invokeArgs()
#5 C:\xampp1\htdocs\heladeria\framework\web\actions\CInlineAction.php(47): CInlineAction->runWithParamsInternal()
#6 C:\xampp1\htdocs\heladeria\framework\web\CController.php(308): CInlineAction->runWithParams()
#7 C:\xampp1\htdocs\heladeria\framework\web\filters\CFilterChain.php(133): PedidoController->runAction()
#8 C:\xampp1\htdocs\heladeria\framework\web\filters\CFilter.php(40): CFilterChain->run()
#9 C:\xampp1\htdocs\heladeria\framework\web\CController.php(1145): CAccessControlFilter->filter()
#10 C:\xampp1\htdocs\heladeria\framework\web\filters\CInlineFilter.php(58): PedidoController->filterAccessControl()
#11 C:\xampp1\htdocs\heladeria\framework\web\filters\CFilterChain.php(130): CInlineFilter->filter()
#12 C:\xampp1\htdocs\heladeria\framework\web\CController.php(291): CFilterChain->run()
#13 C:\xampp1\htdocs\heladeria\framework\web\CController.php(265): PedidoController->runActionWithFilters()
#14 C:\xampp1\htdocs\heladeria\framework\web\CWebApplication.php(282): PedidoController->run()
#15 C:\xampp1\htdocs\heladeria\framework\web\CWebApplication.php(141): CWebApplication->runController()
#16 C:\xampp1\htdocs\heladeria\framework\base\CApplication.php(184): CWebApplication->processRequest()
#17 C:\xampp1\htdocs\heladeria\sistema\index.php(13): CWebApplication->run()
REQUEST_URI=/heladeria/sistema/index.php?r=pedido/view&id=177
in C:\xampp1\htdocs\heladeria\sistema\protected\views\pedido\view.php (45)
in C:\xampp1\htdocs\heladeria\sistema\protected\controllers\PedidoController.php (61)
in C:\xampp1\htdocs\heladeria\sistema\index.php (13)
2017/09/14 20:33:43 [warning] [application] Failed to set unsafe attribute "producto" of "Pedido".
in C:\xampp1\htdocs\heladeria\sistema\protected\controllers\PedidoController.php (270)
in C:\xampp1\htdocs\heladeria\sistema\index.php (13)
2017/09/14 20:33:43 [warning] [application] Failed to set unsafe attribute "delivery" of "Pedido".
in C:\xampp1\htdocs\heladeria\sistema\protected\controllers\PedidoController.php (270)
in C:\xampp1\htdocs\heladeria\sistema\index.php (13)
2017/09/14 20:43:35 [error] [php] Trying to get property of non-object (C:\xampp1\htdocs\heladeria\sistema\protected\views\pedido\view.php:45)
Stack trace:
#0 C:\xampp1\htdocs\heladeria\framework\web\CController.php(869): PedidoController->renderFile()
#1 C:\xampp1\htdocs\heladeria\framework\web\CController.php(782): PedidoController->renderPartial()
#2 C:\xampp1\htdocs\heladeria\sistema\protected\controllers\PedidoController.php(61): PedidoController->render()
#3 unknown(0): PedidoController->actionView()
#4 C:\xampp1\htdocs\heladeria\framework\web\actions\CAction.php(109): ReflectionMethod->invokeArgs()
#5 C:\xampp1\htdocs\heladeria\framework\web\actions\CInlineAction.php(47): CInlineAction->runWithParamsInternal()
#6 C:\xampp1\htdocs\heladeria\framework\web\CController.php(308): CInlineAction->runWithParams()
#7 C:\xampp1\htdocs\heladeria\framework\web\filters\CFilterChain.php(133): PedidoController->runAction()
#8 C:\xampp1\htdocs\heladeria\framework\web\filters\CFilter.php(40): CFilterChain->run()
#9 C:\xampp1\htdocs\heladeria\framework\web\CController.php(1145): CAccessControlFilter->filter()
#10 C:\xampp1\htdocs\heladeria\framework\web\filters\CInlineFilter.php(58): PedidoController->filterAccessControl()
#11 C:\xampp1\htdocs\heladeria\framework\web\filters\CFilterChain.php(130): CInlineFilter->filter()
#12 C:\xampp1\htdocs\heladeria\framework\web\CController.php(291): CFilterChain->run()
#13 C:\xampp1\htdocs\heladeria\framework\web\CController.php(265): PedidoController->runActionWithFilters()
#14 C:\xampp1\htdocs\heladeria\framework\web\CWebApplication.php(282): PedidoController->run()
#15 C:\xampp1\htdocs\heladeria\framework\web\CWebApplication.php(141): CWebApplication->runController()
#16 C:\xampp1\htdocs\heladeria\framework\base\CApplication.php(184): CWebApplication->processRequest()
#17 C:\xampp1\htdocs\heladeria\sistema\index.php(13): CWebApplication->run()
REQUEST_URI=/heladeria/sistema/index.php?r=pedido/view&id=177
in C:\xampp1\htdocs\heladeria\sistema\protected\views\pedido\view.php (45)
in C:\xampp1\htdocs\heladeria\sistema\protected\controllers\PedidoController.php (61)
in C:\xampp1\htdocs\heladeria\sistema\index.php (13)
2017/09/14 20:43:37 [error] [php] Trying to get property of non-object (C:\xampp1\htdocs\heladeria\sistema\protected\views\pedido\view.php:45)
Stack trace:
#0 C:\xampp1\htdocs\heladeria\framework\web\CController.php(869): PedidoController->renderFile()
#1 C:\xampp1\htdocs\heladeria\framework\web\CController.php(782): PedidoController->renderPartial()
#2 C:\xampp1\htdocs\heladeria\sistema\protected\controllers\PedidoController.php(61): PedidoController->render()
#3 unknown(0): PedidoController->actionView()
#4 C:\xampp1\htdocs\heladeria\framework\web\actions\CAction.php(109): ReflectionMethod->invokeArgs()
#5 C:\xampp1\htdocs\heladeria\framework\web\actions\CInlineAction.php(47): CInlineAction->runWithParamsInternal()
#6 C:\xampp1\htdocs\heladeria\framework\web\CController.php(308): CInlineAction->runWithParams()
#7 C:\xampp1\htdocs\heladeria\framework\web\filters\CFilterChain.php(133): PedidoController->runAction()
#8 C:\xampp1\htdocs\heladeria\framework\web\filters\CFilter.php(40): CFilterChain->run()
#9 C:\xampp1\htdocs\heladeria\framework\web\CController.php(1145): CAccessControlFilter->filter()
#10 C:\xampp1\htdocs\heladeria\framework\web\filters\CInlineFilter.php(58): PedidoController->filterAccessControl()
#11 C:\xampp1\htdocs\heladeria\framework\web\filters\CFilterChain.php(130): CInlineFilter->filter()
#12 C:\xampp1\htdocs\heladeria\framework\web\CController.php(291): CFilterChain->run()
#13 C:\xampp1\htdocs\heladeria\framework\web\CController.php(265): PedidoController->runActionWithFilters()
#14 C:\xampp1\htdocs\heladeria\framework\web\CWebApplication.php(282): PedidoController->run()
#15 C:\xampp1\htdocs\heladeria\framework\web\CWebApplication.php(141): CWebApplication->runController()
#16 C:\xampp1\htdocs\heladeria\framework\base\CApplication.php(184): CWebApplication->processRequest()
#17 C:\xampp1\htdocs\heladeria\sistema\index.php(13): CWebApplication->run()
REQUEST_URI=/heladeria/sistema/index.php?r=pedido/view&id=177
in C:\xampp1\htdocs\heladeria\sistema\protected\views\pedido\view.php (45)
in C:\xampp1\htdocs\heladeria\sistema\protected\controllers\PedidoController.php (61)
in C:\xampp1\htdocs\heladeria\sistema\index.php (13)
2017/09/14 20:44:52 [error] [php] Trying to get property of non-object (C:\xampp1\htdocs\heladeria\sistema\protected\views\pedido\view.php:47)
Stack trace:
#0 C:\xampp1\htdocs\heladeria\framework\web\CController.php(869): PedidoController->renderFile()
#1 C:\xampp1\htdocs\heladeria\framework\web\CController.php(782): PedidoController->renderPartial()
#2 C:\xampp1\htdocs\heladeria\sistema\protected\controllers\PedidoController.php(61): PedidoController->render()
#3 unknown(0): PedidoController->actionView()
#4 C:\xampp1\htdocs\heladeria\framework\web\actions\CAction.php(109): ReflectionMethod->invokeArgs()
#5 C:\xampp1\htdocs\heladeria\framework\web\actions\CInlineAction.php(47): CInlineAction->runWithParamsInternal()
#6 C:\xampp1\htdocs\heladeria\framework\web\CController.php(308): CInlineAction->runWithParams()
#7 C:\xampp1\htdocs\heladeria\framework\web\filters\CFilterChain.php(133): PedidoController->runAction()
#8 C:\xampp1\htdocs\heladeria\framework\web\filters\CFilter.php(40): CFilterChain->run()
#9 C:\xampp1\htdocs\heladeria\framework\web\CController.php(1145): CAccessControlFilter->filter()
#10 C:\xampp1\htdocs\heladeria\framework\web\filters\CInlineFilter.php(58): PedidoController->filterAccessControl()
#11 C:\xampp1\htdocs\heladeria\framework\web\filters\CFilterChain.php(130): CInlineFilter->filter()
#12 C:\xampp1\htdocs\heladeria\framework\web\CController.php(291): CFilterChain->run()
#13 C:\xampp1\htdocs\heladeria\framework\web\CController.php(265): PedidoController->runActionWithFilters()
#14 C:\xampp1\htdocs\heladeria\framework\web\CWebApplication.php(282): PedidoController->run()
#15 C:\xampp1\htdocs\heladeria\framework\web\CWebApplication.php(141): CWebApplication->runController()
#16 C:\xampp1\htdocs\heladeria\framework\base\CApplication.php(184): CWebApplication->processRequest()
#17 C:\xampp1\htdocs\heladeria\sistema\index.php(13): CWebApplication->run()
REQUEST_URI=/heladeria/sistema/index.php?r=pedido/view&id=177
in C:\xampp1\htdocs\heladeria\sistema\protected\views\pedido\view.php (47)
in C:\xampp1\htdocs\heladeria\sistema\protected\controllers\PedidoController.php (61)
in C:\xampp1\htdocs\heladeria\sistema\index.php (13)
2017/09/14 20:47:31 [warning] [application] Failed to set unsafe attribute "producto" of "Pedido".
in C:\xampp1\htdocs\heladeria\sistema\protected\controllers\PedidoController.php (270)
in C:\xampp1\htdocs\heladeria\sistema\index.php (13)
2017/09/14 20:47:31 [warning] [application] Failed to set unsafe attribute "delivery" of "Pedido".
in C:\xampp1\htdocs\heladeria\sistema\protected\controllers\PedidoController.php (270)
in C:\xampp1\htdocs\heladeria\sistema\index.php (13)
2017/09/14 20:47:31 [error] [php] Trying to get property of non-object (C:\xampp1\htdocs\heladeria\sistema\protected\views\pedido\view.php:47)
Stack trace:
#0 C:\xampp1\htdocs\heladeria\framework\web\CController.php(869): PedidoController->renderFile()
#1 C:\xampp1\htdocs\heladeria\framework\web\CController.php(782): PedidoController->renderPartial()
#2 C:\xampp1\htdocs\heladeria\sistema\protected\controllers\PedidoController.php(61): PedidoController->render()
#3 unknown(0): PedidoController->actionView()
#4 C:\xampp1\htdocs\heladeria\framework\web\actions\CAction.php(109): ReflectionMethod->invokeArgs()
#5 C:\xampp1\htdocs\heladeria\framework\web\actions\CInlineAction.php(47): CInlineAction->runWithParamsInternal()
#6 C:\xampp1\htdocs\heladeria\framework\web\CController.php(308): CInlineAction->runWithParams()
#7 C:\xampp1\htdocs\heladeria\framework\web\filters\CFilterChain.php(133): PedidoController->runAction()
#8 C:\xampp1\htdocs\heladeria\framework\web\filters\CFilter.php(40): CFilterChain->run()
#9 C:\xampp1\htdocs\heladeria\framework\web\CController.php(1145): CAccessControlFilter->filter()
#10 C:\xampp1\htdocs\heladeria\framework\web\filters\CInlineFilter.php(58): PedidoController->filterAccessControl()
#11 C:\xampp1\htdocs\heladeria\framework\web\filters\CFilterChain.php(130): CInlineFilter->filter()
#12 C:\xampp1\htdocs\heladeria\framework\web\CController.php(291): CFilterChain->run()
#13 C:\xampp1\htdocs\heladeria\framework\web\CController.php(265): PedidoController->runActionWithFilters()
#14 C:\xampp1\htdocs\heladeria\framework\web\CWebApplication.php(282): PedidoController->run()
#15 C:\xampp1\htdocs\heladeria\framework\web\CWebApplication.php(141): CWebApplication->runController()
#16 C:\xampp1\htdocs\heladeria\framework\base\CApplication.php(184): CWebApplication->processRequest()
#17 C:\xampp1\htdocs\heladeria\sistema\index.php(13): CWebApplication->run()
REQUEST_URI=/heladeria/sistema/index.php?r=pedido/view&id=177
in C:\xampp1\htdocs\heladeria\sistema\protected\views\pedido\view.php (47)
in C:\xampp1\htdocs\heladeria\sistema\protected\controllers\PedidoController.php (61)
in C:\xampp1\htdocs\heladeria\sistema\index.php (13)
2017/09/14 20:47:51 [warning] [application] Failed to set unsafe attribute "producto" of "Pedido".
in C:\xampp1\htdocs\heladeria\sistema\protected\controllers\PedidoController.php (270)
in C:\xampp1\htdocs\heladeria\sistema\index.php (13)
2017/09/14 20:47:51 [warning] [application] Failed to set unsafe attribute "delivery" of "Pedido".
in C:\xampp1\htdocs\heladeria\sistema\protected\controllers\PedidoController.php (270)
in C:\xampp1\htdocs\heladeria\sistema\index.php (13)
2017/09/14 20:47:51 [error] [php] Undefined variable: cliente (C:\xampp1\htdocs\heladeria\sistema\protected\views\pedido\view.php:47)
Stack trace:
#0 C:\xampp1\htdocs\heladeria\framework\web\CController.php(869): PedidoController->renderFile()
#1 C:\xampp1\htdocs\heladeria\framework\web\CController.php(782): PedidoController->renderPartial()
#2 C:\xampp1\htdocs\heladeria\sistema\protected\controllers\PedidoController.php(61): PedidoController->render()
#3 unknown(0): PedidoController->actionView()
#4 C:\xampp1\htdocs\heladeria\framework\web\actions\CAction.php(109): ReflectionMethod->invokeArgs()
#5 C:\xampp1\htdocs\heladeria\framework\web\actions\CInlineAction.php(47): CInlineAction->runWithParamsInternal()
#6 C:\xampp1\htdocs\heladeria\framework\web\CController.php(308): CInlineAction->runWithParams()
#7 C:\xampp1\htdocs\heladeria\framework\web\filters\CFilterChain.php(133): PedidoController->runAction()
#8 C:\xampp1\htdocs\heladeria\framework\web\filters\CFilter.php(40): CFilterChain->run()
#9 C:\xampp1\htdocs\heladeria\framework\web\CController.php(1145): CAccessControlFilter->filter()
#10 C:\xampp1\htdocs\heladeria\framework\web\filters\CInlineFilter.php(58): PedidoController->filterAccessControl()
#11 C:\xampp1\htdocs\heladeria\framework\web\filters\CFilterChain.php(130): CInlineFilter->filter()
#12 C:\xampp1\htdocs\heladeria\framework\web\CController.php(291): CFilterChain->run()
#13 C:\xampp1\htdocs\heladeria\framework\web\CController.php(265): PedidoController->runActionWithFilters()
#14 C:\xampp1\htdocs\heladeria\framework\web\CWebApplication.php(282): PedidoController->run()
#15 C:\xampp1\htdocs\heladeria\framework\web\CWebApplication.php(141): CWebApplication->runController()
#16 C:\xampp1\htdocs\heladeria\framework\base\CApplication.php(184): CWebApplication->processRequest()
#17 C:\xampp1\htdocs\heladeria\sistema\index.php(13): CWebApplication->run()
REQUEST_URI=/heladeria/sistema/index.php?r=pedido/view&id=177
in C:\xampp1\htdocs\heladeria\sistema\protected\views\pedido\view.php (47)
in C:\xampp1\htdocs\heladeria\sistema\protected\controllers\PedidoController.php (61)
in C:\xampp1\htdocs\heladeria\sistema\index.php (13)
2017/09/14 20:49:42 [warning] [application] Failed to set unsafe attribute "producto" of "Pedido".
in C:\xampp1\htdocs\heladeria\sistema\protected\controllers\PedidoController.php (270)
in C:\xampp1\htdocs\heladeria\sistema\index.php (13)
2017/09/14 20:49:42 [warning] [application] Failed to set unsafe attribute "delivery" of "Pedido".
in C:\xampp1\htdocs\heladeria\sistema\protected\controllers\PedidoController.php (270)
in C:\xampp1\htdocs\heladeria\sistema\index.php (13)
2017/09/14 21:09:09 [warning] [application] Failed to set unsafe attribute "producto" of "Pedido".
in C:\xampp1\htdocs\heladeria\sistema\protected\controllers\PedidoController.php (395)
in C:\xampp1\htdocs\heladeria\sistema\index.php (13)
2017/09/14 21:09:09 [warning] [application] Failed to set unsafe attribute "delivery" of "Pedido".
in C:\xampp1\htdocs\heladeria\sistema\protected\controllers\PedidoController.php (395)
in C:\xampp1\htdocs\heladeria\sistema\index.php (13)
2017/09/14 21:09:14 [warning] [application] Failed to set unsafe attribute "producto" of "Pedido".
in C:\xampp1\htdocs\heladeria\sistema\protected\controllers\PedidoController.php (395)
in C:\xampp1\htdocs\heladeria\sistema\index.php (13)
2017/09/14 21:09:14 [warning] [application] Failed to set unsafe attribute "delivery" of "Pedido".
in C:\xampp1\htdocs\heladeria\sistema\protected\controllers\PedidoController.php (395)
in C:\xampp1\htdocs\heladeria\sistema\index.php (13)
2017/09/14 21:09:17 [warning] [application] Failed to set unsafe attribute "producto" of "Pedido".
in C:\xampp1\htdocs\heladeria\sistema\protected\controllers\PedidoController.php (270)
in C:\xampp1\htdocs\heladeria\sistema\index.php (13)
2017/09/14 21:09:17 [warning] [application] Failed to set unsafe attribute "delivery" of "Pedido".
in C:\xampp1\htdocs\heladeria\sistema\protected\controllers\PedidoController.php (270)
in C:\xampp1\htdocs\heladeria\sistema\index.php (13)
2017/09/14 21:09:17 [warning] [application] Failed to set unsafe attribute "producto" of "Pedido".
in C:\xampp1\htdocs\heladeria\sistema\protected\controllers\PedidoController.php (395)
in C:\xampp1\htdocs\heladeria\sistema\index.php (13)
2017/09/14 21:09:17 [warning] [application] Failed to set unsafe attribute "delivery" of "Pedido".
in C:\xampp1\htdocs\heladeria\sistema\protected\controllers\PedidoController.php (395)
in C:\xampp1\htdocs\heladeria\sistema\index.php (13)
2017/09/14 21:40:15 [warning] [application] Failed to set unsafe attribute "producto" of "Pedido".
in C:\xampp1\htdocs\heladeria\sistema\protected\controllers\PedidoController.php (523)
in C:\xampp1\htdocs\heladeria\sistema\index.php (13)
2017/09/14 21:40:15 [warning] [application] Failed to set unsafe attribute "delivery" of "Pedido".
in C:\xampp1\htdocs\heladeria\sistema\protected\controllers\PedidoController.php (523)
in C:\xampp1\htdocs\heladeria\sistema\index.php (13)
2017/09/14 21:40:20 [warning] [application] Failed to set unsafe attribute "producto" of "Pedido".
in C:\xampp1\htdocs\heladeria\sistema\protected\controllers\PedidoController.php (441)
in C:\xampp1\htdocs\heladeria\sistema\index.php (13)
2017/09/14 21:40:20 [warning] [application] Failed to set unsafe attribute "delivery" of "Pedido".
in C:\xampp1\htdocs\heladeria\sistema\protected\controllers\PedidoController.php (441)
in C:\xampp1\htdocs\heladeria\sistema\index.php (13)
2017/09/14 21:40:48 [warning] [application] Failed to set unsafe attribute "producto" of "Pedido".
in C:\xampp1\htdocs\heladeria\sistema\protected\controllers\PedidoController.php (523)
in C:\xampp1\htdocs\heladeria\sistema\index.php (13)
2017/09/14 21:40:48 [warning] [application] Failed to set unsafe attribute "delivery" of "Pedido".
in C:\xampp1\htdocs\heladeria\sistema\protected\controllers\PedidoController.php (523)
in C:\xampp1\htdocs\heladeria\sistema\index.php (13)
2017/09/14 21:40:51 [warning] [application] Failed to set unsafe attribute "producto" of "Pedido".
in C:\xampp1\htdocs\heladeria\sistema\protected\controllers\PedidoController.php (441)
in C:\xampp1\htdocs\heladeria\sistema\index.php (13)
2017/09/14 21:40:51 [warning] [application] Failed to set unsafe attribute "delivery" of "Pedido".
in C:\xampp1\htdocs\heladeria\sistema\protected\controllers\PedidoController.php (441)
in C:\xampp1\htdocs\heladeria\sistema\index.php (13)
